build/app/intermediates/manifest_merge_blame_file/debug/manifest-merger-blame-debug-report.txt
1<?xml version="1.0" encoding="utf-8"?>
2<manifest xmlns:android="http://schemas.android.com/apk/res/android"
3    package="balelabs.flutter.core"
4    android:versionCode="1"
5    android:versionName="0.0.1" >
6
7    <uses-sdk
8        android:minSdkVersion="16"
9        android:targetSdkVersion="29" />
10    <!--
11         Flutter needs it to communicate with the running application
12         to allow setting breakpoints, to provide hot reload, etc.
13    -->
14    <uses-permission android:name="android.permission.INTERNET" />
14-->src/main/AndroidManifest.xml:9:5-66
14-->src/main/AndroidManifest.xml:9:22-64
15    <uses-permission android:name="android.permission.READ_EXTERNAL_STORAGE" />
15-->src/main/AndroidManifest.xml:10:5-79
15-->src/main/AndroidManifest.xml:10:22-77
16    <uses-permission android:name="android.permission.WRITE_EXTERNAL_STORAGE" />
16-->src/main/AndroidManifest.xml:11:5-80
16-->src/main/AndroidManifest.xml:11:22-78
17    <uses-permission android:name="android.permission.VIBRATE" />
17-->src/main/AndroidManifest.xml:12:5-66
17-->src/main/AndroidManifest.xml:12:22-63
18    <uses-permission android:name="android.permission.RECEIVE_BOOT_COMPLETED" />
18-->src/main/AndroidManifest.xml:13:5-80
18-->src/main/AndroidManifest.xml:13:22-78
19    <uses-permission android:name="android.permission.WAKE_LOCK" />
19-->[:firebase_messaging] AndroidManifest.xml:8:5-68
19-->[:firebase_messaging] AndroidManifest.xml:8:22-65
20    <uses-permission android:name="android.permission.ACCESS_NETWORK_STATE" />
20-->[:firebase_messaging] AndroidManifest.xml:9:5-79
20-->[:firebase_messaging] AndroidManifest.xml:9:22-76
21    <uses-permission android:name="android.permission.USE_FULL_SCREEN_INTENT" /> <!-- Required by older versions of Google Play services to create IID tokens -->
21-->[:flutter_local_notifications] AndroidManifest.xml:9:5-81
21-->[:flutter_local_notifications] AndroidManifest.xml:9:22-78
22    <uses-permission android:name="com.google.android.c2dm.permission.RECEIVE" />
22-->[com.google.firebase:firebase-iid:21.0.1] AndroidManifest.xml:26:5-82
22-->[com.google.firebase:firebase-iid:21.0.1] AndroidManifest.xml:26:22-79
23    <uses-permission android:name="com.google.android.finsky.permission.BIND_GET_INSTALL_REFERRER_SERVICE" />
23-->[com.google.android.gms:play-services-measurement:18.0.0] AndroidManifest.xml:26:5-110
23-->[com.google.android.gms:play-services-measurement:18.0.0] AndroidManifest.xml:26:22-107
24
25    <application
25-->src/main/AndroidManifest.xml:15:5-43:19
26        android:name="balelabs.flutter.core.Application"
26-->src/main/AndroidManifest.xml:16:9-36
27        android:appComponentFactory="androidx.core.app.CoreComponentFactory"
27-->[androidx.core:core:1.5.0-beta01] AndroidManifest.xml:24:18-86
28        android:debuggable="true"
29        android:icon="@mipmap/launcher_icon"
29-->src/main/AndroidManifest.xml:18:9-45
30        android:label="@string/app_name" >
30-->src/main/AndroidManifest.xml:17:9-41
31        <activity
31-->src/main/AndroidManifest.xml:19:9-34:20
32            android:name="balelabs.flutter.core.MainActivity"
32-->src/main/AndroidManifest.xml:20:13-41
33            android:configChanges="orientation|keyboardHidden|keyboard|screenSize|smallestScreenSize|locale|layoutDirection|fontScale|screenLayout|density|uiMode"
33-->src/main/AndroidManifest.xml:23:13-163
34            android:hardwareAccelerated="true"
34-->src/main/AndroidManifest.xml:24:13-47
35            android:launchMode="singleTop"
35-->src/main/AndroidManifest.xml:21:13-43
36            android:theme="@style/LaunchTheme"
36-->src/main/AndroidManifest.xml:22:13-47
37            android:windowSoftInputMode="adjustResize" >
37-->src/main/AndroidManifest.xml:25:13-55
38            <intent-filter>
38-->src/main/AndroidManifest.xml:26:13-29:29
39                <action android:name="android.intent.action.MAIN" />
39-->src/main/AndroidManifest.xml:27:17-68
39-->src/main/AndroidManifest.xml:27:25-66
40
41                <category android:name="android.intent.category.LAUNCHER" />
41-->src/main/AndroidManifest.xml:28:17-76
41-->src/main/AndroidManifest.xml:28:27-74
42            </intent-filter>
43            <intent-filter>
43-->src/main/AndroidManifest.xml:30:13-33:29
44                <action android:name="FLUTTER_NOTIFICATION_CLICK" />
44-->src/main/AndroidManifest.xml:31:17-69
44-->src/main/AndroidManifest.xml:31:25-66
45
46                <category android:name="android.intent.category.DEFAULT" />
46-->src/main/AndroidManifest.xml:32:17-76
46-->src/main/AndroidManifest.xml:32:27-73
47            </intent-filter>
48        </activity>
49        <!--
50             Don't delete the meta-data below.
51             This is used by the Flutter tool to generate GeneratedPluginRegistrant.java
52        -->
53        <meta-data
53-->src/main/AndroidManifest.xml:37:9-39:33
54            android:name="flutterEmbedding"
54-->src/main/AndroidManifest.xml:38:13-44
55            android:value="2" />
55-->src/main/AndroidManifest.xml:39:13-30
56        <meta-data
56-->src/main/AndroidManifest.xml:40:9-42:60
57            android:name="com.google.firebase.messaging.default_notification_icon"
57-->src/main/AndroidManifest.xml:41:13-83
58            android:resource="@drawable/bisnis_koe_logo" />
58-->src/main/AndroidManifest.xml:42:13-57
59
60        <service
60-->[:firebase_messaging] AndroidManifest.xml:12:9-15:72
61            android:name="io.flutter.plugins.firebase.messaging.FlutterFirebaseMessagingBackgroundService"
61-->[:firebase_messaging] AndroidManifest.xml:13:13-107
62            android:exported="false"
62-->[:firebase_messaging] AndroidManifest.xml:14:13-37
63            android:permission="android.permission.BIND_JOB_SERVICE" />
63-->[:firebase_messaging] AndroidManifest.xml:15:13-69
64        <service
64-->[:firebase_messaging] AndroidManifest.xml:16:9-22:19
65            android:name="io.flutter.plugins.firebase.messaging.FlutterFirebaseMessagingService"
65-->[:firebase_messaging] AndroidManifest.xml:17:13-97
66            android:exported="false" >
66-->[:firebase_messaging] AndroidManifest.xml:18:13-37
67            <intent-filter>
67-->[:firebase_messaging] AndroidManifest.xml:19:13-21:29
68                <action android:name="com.google.firebase.MESSAGING_EVENT" />
68-->[:firebase_messaging] AndroidManifest.xml:20:17-78
68-->[:firebase_messaging] AndroidManifest.xml:20:25-75
69            </intent-filter>
70        </service>
71
72        <receiver
72-->[:firebase_messaging] AndroidManifest.xml:24:9-31:20
73            android:name="io.flutter.plugins.firebase.messaging.FlutterFirebaseMessagingReceiver"
73-->[:firebase_messaging] AndroidManifest.xml:25:13-98
74            android:exported="true"
74-->[:firebase_messaging] AndroidManifest.xml:26:13-36
75            android:permission="com.google.android.c2dm.permission.SEND" >
75-->[:firebase_messaging] AndroidManifest.xml:27:13-73
76            <intent-filter>
76-->[:firebase_messaging] AndroidManifest.xml:28:13-30:29
77                <action android:name="com.google.android.c2dm.intent.RECEIVE" />
77-->[:firebase_messaging] AndroidManifest.xml:29:17-81
77-->[:firebase_messaging] AndroidManifest.xml:29:25-78
78            </intent-filter>
79        </receiver>
80
81        <service
81-->[:firebase_messaging] AndroidManifest.xml:33:9-37:19
82            android:name="com.google.firebase.components.ComponentDiscoveryService"
82-->[:firebase_messaging] AndroidManifest.xml:33:18-89
83            android:directBootAware="true"
83-->[com.google.firebase:firebase-common:19.5.0] AndroidManifest.xml:35:13-43
84            android:exported="false" >
84-->[com.google.firebase:firebase-messaging:21.0.1] AndroidManifest.xml:38:13-37
85            <meta-data
85-->[:firebase_messaging] AndroidManifest.xml:34:13-36:85
86                android:name="com.google.firebase.components:io.flutter.plugins.firebase.messaging.FlutterFirebaseAppRegistrar"
86-->[:firebase_messaging] AndroidManifest.xml:35:17-128
87                android:value="com.google.firebase.components.ComponentRegistrar" />
87-->[:firebase_messaging] AndroidManifest.xml:36:17-82
88            <meta-data
88-->[:firebase_auth] AndroidManifest.xml:9:13-11:85
89                android:name="com.google.firebase.components:io.flutter.plugins.firebase.auth.FlutterFirebaseAuthRegistrar"
89-->[:firebase_auth] AndroidManifest.xml:10:17-124
90                android:value="com.google.firebase.components.ComponentRegistrar" />
90-->[:firebase_auth] AndroidManifest.xml:11:17-82
91            <meta-data
91-->[:firebase_core] AndroidManifest.xml:9:13-11:85
92                android:name="com.google.firebase.components:io.flutter.plugins.firebase.core.FlutterFirebaseCoreRegistrar"
92-->[:firebase_core] AndroidManifest.xml:10:17-124
93                android:value="com.google.firebase.components.ComponentRegistrar" />
93-->[:firebase_core] AndroidManifest.xml:11:17-82
94            <meta-data
94-->[com.google.firebase:firebase-messaging:21.0.1] AndroidManifest.xml:39:13-41:85
95                android:name="com.google.firebase.components:com.google.firebase.messaging.FirebaseMessagingRegistrar"
95-->[com.google.firebase:firebase-messaging:21.0.1] AndroidManifest.xml:40:17-119
96                android:value="com.google.firebase.components.ComponentRegistrar" />
96-->[com.google.firebase:firebase-messaging:21.0.1] AndroidManifest.xml:41:17-82
97            <meta-data
97-->[com.google.firebase:firebase-auth:20.0.1] AndroidManifest.xml:77:13-79:85
98                android:name="com.google.firebase.components:com.google.firebase.auth.FirebaseAuthRegistrar"
98-->[com.google.firebase:firebase-auth:20.0.1] AndroidManifest.xml:78:17-109
99                android:value="com.google.firebase.components.ComponentRegistrar" />
99-->[com.google.firebase:firebase-auth:20.0.1] AndroidManifest.xml:79:17-82
100            <meta-data
100-->[com.google.firebase:firebase-iid:21.0.1] AndroidManifest.xml:32:13-34:85
101                android:name="com.google.firebase.components:com.google.firebase.iid.Registrar"
101-->[com.google.firebase:firebase-iid:21.0.1] AndroidManifest.xml:33:17-96
102                android:value="com.google.firebase.components.ComponentRegistrar" />
102-->[com.google.firebase:firebase-iid:21.0.1] AndroidManifest.xml:34:17-82
103            <meta-data
103-->[com.google.firebase:firebase-datatransport:17.0.10] AndroidManifest.xml:28:13-30:85
104                android:name="com.google.firebase.components:com.google.firebase.datatransport.TransportRegistrar"
104-->[com.google.firebase:firebase-datatransport:17.0.10] AndroidManifest.xml:29:17-115
105                android:value="com.google.firebase.components.ComponentRegistrar" />
105-->[com.google.firebase:firebase-datatransport:17.0.10] AndroidManifest.xml:30:17-82
106            <meta-data
106-->[com.google.android.gms:play-services-measurement-api:18.0.0] AndroidManifest.xml:30:13-32:85
107                android:name="com.google.firebase.components:com.google.firebase.analytics.connector.internal.AnalyticsConnectorRegistrar"
107-->[com.google.android.gms:play-services-measurement-api:18.0.0] AndroidManifest.xml:31:17-139
108                android:value="com.google.firebase.components.ComponentRegistrar" />
108-->[com.google.android.gms:play-services-measurement-api:18.0.0] AndroidManifest.xml:32:17-82
109            <meta-data
109-->[com.google.firebase:firebase-installations:16.3.5] AndroidManifest.xml:18:13-20:85
110                android:name="com.google.firebase.components:com.google.firebase.installations.FirebaseInstallationsRegistrar"
110-->[com.google.firebase:firebase-installations:16.3.5] AndroidManifest.xml:19:17-127
111                android:value="com.google.firebase.components.ComponentRegistrar" />
111-->[com.google.firebase:firebase-installations:16.3.5] AndroidManifest.xml:20:17-82
112            <!--
113                This registrar is not defined in the dynamic-module-support sdk itself to allow non-firebase
114                clients to use it as well, by defining this registrar in their own core/common library.
115            -->
116            <meta-data
116-->[com.google.firebase:firebase-common:19.5.0] AndroidManifest.xml:43:13-45:85
117                android:name="com.google.firebase.components:com.google.firebase.dynamicloading.DynamicLoadingRegistrar"
117-->[com.google.firebase:firebase-common:19.5.0] AndroidManifest.xml:44:17-121
118                android:value="com.google.firebase.components.ComponentRegistrar" />
118-->[com.google.firebase:firebase-common:19.5.0] AndroidManifest.xml:45:17-82
119        </service>
120
121        <provider
121-->[:firebase_messaging] AndroidManifest.xml:39:9-43:38
122            android:name="io.flutter.plugins.firebase.messaging.FlutterFirebaseMessagingInitProvider"
122-->[:firebase_messaging] AndroidManifest.xml:40:13-102
123            android:authorities="balelabs.flutter.core.flutterfirebasemessaginginitprovider"
123-->[:firebase_messaging] AndroidManifest.xml:41:13-88
124            android:exported="false"
124-->[:firebase_messaging] AndroidManifest.xml:42:13-37
125            android:initOrder="99" />
125-->[:firebase_messaging] AndroidManifest.xml:43:13-35
126
127        <receiver android:name="com.dexterous.flutterlocalnotifications.ScheduledNotificationReceiver" />
127-->[:flutter_local_notifications] AndroidManifest.xml:12:9-106
127-->[:flutter_local_notifications] AndroidManifest.xml:12:19-103
128        <receiver android:name="com.dexterous.flutterlocalnotifications.ScheduledNotificationBootReceiver" >
128-->[:flutter_local_notifications] AndroidManifest.xml:13:9-20:20
128-->[:flutter_local_notifications] AndroidManifest.xml:13:19-107
129            <intent-filter>
129-->[:flutter_local_notifications] AndroidManifest.xml:14:13-19:29
130                <action android:name="android.intent.action.BOOT_COMPLETED" />
130-->[:flutter_local_notifications] AndroidManifest.xml:15:17-79
130-->[:flutter_local_notifications] AndroidManifest.xml:15:25-76
131                <action android:name="android.intent.action.MY_PACKAGE_REPLACED" />
131-->[:flutter_local_notifications] AndroidManifest.xml:16:17-84
131-->[:flutter_local_notifications] AndroidManifest.xml:16:25-81
132                <action android:name="android.intent.action.QUICKBOOT_POWERON" />
132-->[:flutter_local_notifications] AndroidManifest.xml:17:17-82
132-->[:flutter_local_notifications] AndroidManifest.xml:17:25-79
133                <action android:name="com.htc.intent.action.QUICKBOOT_POWERON" />
133-->[:flutter_local_notifications] AndroidManifest.xml:18:17-82
133-->[:flutter_local_notifications] AndroidManifest.xml:18:25-79
134            </intent-filter>
135        </receiver>
136        <!--
137             FirebaseMessagingService performs security checks at runtime,
138             but set to not exported to explicitly avoid allowing another app to call it.
139        -->
140        <service
140-->[com.google.firebase:firebase-messaging:21.0.1] AndroidManifest.xml:28:9-35:19
141            android:name="com.google.firebase.messaging.FirebaseMessagingService"
141-->[com.google.firebase:firebase-messaging:21.0.1] AndroidManifest.xml:29:13-82
142            android:directBootAware="true"
142-->[com.google.firebase:firebase-messaging:21.0.1] AndroidManifest.xml:30:13-43
143            android:exported="false" >
143-->[com.google.firebase:firebase-messaging:21.0.1] AndroidManifest.xml:31:13-37
144            <intent-filter android:priority="-500" >
144-->[:firebase_messaging] AndroidManifest.xml:19:13-21:29
145                <action android:name="com.google.firebase.MESSAGING_EVENT" />
145-->[:firebase_messaging] AndroidManifest.xml:20:17-78
145-->[:firebase_messaging] AndroidManifest.xml:20:25-75
146            </intent-filter>
147        </service>
148
149        <activity
149-->[com.google.android.gms:play-services-auth:16.0.1] AndroidManifest.xml:23:9-27:75
150            android:name="com.google.android.gms.auth.api.signin.internal.SignInHubActivity"
150-->[com.google.android.gms:play-services-auth:16.0.1] AndroidManifest.xml:24:13-93
151            android:excludeFromRecents="true"
151-->[com.google.android.gms:play-services-auth:16.0.1] AndroidManifest.xml:25:13-46
152            android:exported="false"
152-->[com.google.android.gms:play-services-auth:16.0.1] AndroidManifest.xml:26:13-37
153            android:theme="@android:style/Theme.Translucent.NoTitleBar" />
153-->[com.google.android.gms:play-services-auth:16.0.1] AndroidManifest.xml:27:13-72
154        <!--
155            Service handling Google Sign-In user revocation. For apps that do not integrate with
156            Google Sign-In, this service will never be started.
157        -->
158        <service
158-->[com.google.android.gms:play-services-auth:16.0.1] AndroidManifest.xml:33:9-36:110
159            android:name="com.google.android.gms.auth.api.signin.RevocationBoundService"
159-->[com.google.android.gms:play-services-auth:16.0.1] AndroidManifest.xml:34:13-89
160            android:exported="true"
160-->[com.google.android.gms:play-services-auth:16.0.1] AndroidManifest.xml:35:13-36
161            android:permission="com.google.android.gms.auth.api.signin.permission.REVOCATION_NOTIFICATION" />
161-->[com.google.android.gms:play-services-auth:16.0.1] AndroidManifest.xml:36:13-107
162
163        <activity
163-->[com.google.firebase:firebase-auth:20.0.1] AndroidManifest.xml:27:9-44:20
164            android:name="com.google.firebase.auth.internal.GenericIdpActivity"
164-->[com.google.firebase:firebase-auth:20.0.1] AndroidManifest.xml:28:13-80
165            android:excludeFromRecents="true"
165-->[com.google.firebase:firebase-auth:20.0.1] AndroidManifest.xml:29:13-46
166            android:exported="true"
166-->[com.google.firebase:firebase-auth:20.0.1] AndroidManifest.xml:30:13-36
167            android:launchMode="singleTask"
167-->[com.google.firebase:firebase-auth:20.0.1] AndroidManifest.xml:31:13-44
168            android:theme="@android:style/Theme.Translucent.NoTitleBar" >
168-->[com.google.firebase:firebase-auth:20.0.1] AndroidManifest.xml:32:13-72
169            <intent-filter>
169-->[com.google.firebase:firebase-auth:20.0.1] AndroidManifest.xml:33:13-43:29
170                <action android:name="android.intent.action.VIEW" />
170-->[com.google.firebase:firebase-auth:20.0.1] AndroidManifest.xml:34:17-69
170-->[com.google.firebase:firebase-auth:20.0.1] AndroidManifest.xml:34:25-66
171
172                <category android:name="android.intent.category.DEFAULT" />
172-->src/main/AndroidManifest.xml:32:17-76
172-->src/main/AndroidManifest.xml:32:27-73
173                <category android:name="android.intent.category.BROWSABLE" />
173-->[com.google.firebase:firebase-auth:20.0.1] AndroidManifest.xml:37:17-78
173-->[com.google.firebase:firebase-auth:20.0.1] AndroidManifest.xml:37:27-75
174
175                <data
175-->[com.google.firebase:firebase-auth:20.0.1] AndroidManifest.xml:39:17-42:51
176                    android:host="firebase.auth"
176-->[com.google.firebase:firebase-auth:20.0.1] AndroidManifest.xml:40:21-49
177                    android:path="/"
177-->[com.google.firebase:firebase-auth:20.0.1] AndroidManifest.xml:41:21-37
178                    android:scheme="genericidp" />
178-->[com.google.firebase:firebase-auth:20.0.1] AndroidManifest.xml:42:21-48
179            </intent-filter>
180        </activity>
181        <activity
181-->[com.google.firebase:firebase-auth:20.0.1] AndroidManifest.xml:45:9-62:20
182            android:name="com.google.firebase.auth.internal.RecaptchaActivity"
182-->[com.google.firebase:firebase-auth:20.0.1] AndroidManifest.xml:46:13-79
183            android:excludeFromRecents="true"
183-->[com.google.firebase:firebase-auth:20.0.1] AndroidManifest.xml:47:13-46
184            android:exported="true"
184-->[com.google.firebase:firebase-auth:20.0.1] AndroidManifest.xml:48:13-36
185            android:launchMode="singleTask"
185-->[com.google.firebase:firebase-auth:20.0.1] AndroidManifest.xml:49:13-44
186            android:theme="@android:style/Theme.Translucent.NoTitleBar" >
186-->[com.google.firebase:firebase-auth:20.0.1] AndroidManifest.xml:50:13-72
187            <intent-filter>
187-->[com.google.firebase:firebase-auth:20.0.1] AndroidManifest.xml:51:13-61:29
188                <action android:name="android.intent.action.VIEW" />
188-->[com.google.firebase:firebase-auth:20.0.1] AndroidManifest.xml:34:17-69
188-->[com.google.firebase:firebase-auth:20.0.1] AndroidManifest.xml:34:25-66
189
190                <category android:name="android.intent.category.DEFAULT" />
190-->src/main/AndroidManifest.xml:32:17-76
190-->src/main/AndroidManifest.xml:32:27-73
191                <category android:name="android.intent.category.BROWSABLE" />
191-->[com.google.firebase:firebase-auth:20.0.1] AndroidManifest.xml:37:17-78
191-->[com.google.firebase:firebase-auth:20.0.1] AndroidManifest.xml:37:27-75
192
193                <data
193-->[com.google.firebase:firebase-auth:20.0.1] AndroidManifest.xml:39:17-42:51
194                    android:host="firebase.auth"
194-->[com.google.firebase:firebase-auth:20.0.1] AndroidManifest.xml:40:21-49
195                    android:path="/"
195-->[com.google.firebase:firebase-auth:20.0.1] AndroidManifest.xml:41:21-37
196                    android:scheme="recaptcha" />
196-->[com.google.firebase:firebase-auth:20.0.1] AndroidManifest.xml:42:21-48
197            </intent-filter>
198        </activity>
199
200        <service
200-->[com.google.firebase:firebase-auth:20.0.1] AndroidManifest.xml:64:9-73:19
201            android:name="com.google.firebase.auth.api.fallback.service.FirebaseAuthFallbackService"
201-->[com.google.firebase:firebase-auth:20.0.1] AndroidManifest.xml:65:13-101
202            android:enabled="true"
202-->[com.google.firebase:firebase-auth:20.0.1] AndroidManifest.xml:66:13-35
203            android:exported="false" >
203-->[com.google.firebase:firebase-auth:20.0.1] AndroidManifest.xml:67:13-37
204            <intent-filter>
204-->[com.google.firebase:firebase-auth:20.0.1] AndroidManifest.xml:68:13-72:29
205                <action android:name="com.google.firebase.auth.api.gms.service.START" />
205-->[com.google.firebase:firebase-auth:20.0.1] AndroidManifest.xml:69:17-89
205-->[com.google.firebase:firebase-auth:20.0.1] AndroidManifest.xml:69:25-86
206
207                <category android:name="android.intent.category.DEFAULT" />
207-->src/main/AndroidManifest.xml:32:17-76
207-->src/main/AndroidManifest.xml:32:27-73
208            </intent-filter>
209        </service>
210
211        <receiver
211-->[com.google.firebase:firebase-iid:21.0.1] AndroidManifest.xml:37:9-44:20
212            android:name="com.google.firebase.iid.FirebaseInstanceIdReceiver"
212-->[com.google.firebase:firebase-iid:21.0.1] AndroidManifest.xml:38:13-78
213            android:exported="true"
213-->[com.google.firebase:firebase-iid:21.0.1] AndroidManifest.xml:39:13-36
214            android:permission="com.google.android.c2dm.permission.SEND" >
214-->[com.google.firebase:firebase-iid:21.0.1] AndroidManifest.xml:40:13-73
215            <intent-filter>
215-->[:firebase_messaging] AndroidManifest.xml:28:13-30:29
216                <action android:name="com.google.android.c2dm.intent.RECEIVE" />
216-->[:firebase_messaging] AndroidManifest.xml:29:17-81
216-->[:firebase_messaging] AndroidManifest.xml:29:25-78
217            </intent-filter>
218        </receiver>
219        <receiver
219-->[com.google.android.gms:play-services-measurement:18.0.0] AndroidManifest.xml:29:9-33:20
220            android:name="com.google.android.gms.measurement.AppMeasurementReceiver"
220-->[com.google.android.gms:play-services-measurement:18.0.0] AndroidManifest.xml:30:13-85
221            android:enabled="true"
221-->[com.google.android.gms:play-services-measurement:18.0.0] AndroidManifest.xml:31:13-35
222            android:exported="false" >
222-->[com.google.android.gms:play-services-measurement:18.0.0] AndroidManifest.xml:32:13-37
223        </receiver>
224
225        <service
225-->[com.google.android.gms:play-services-measurement:18.0.0] AndroidManifest.xml:35:9-38:40
226            android:name="com.google.android.gms.measurement.AppMeasurementService"
226-->[com.google.android.gms:play-services-measurement:18.0.0] AndroidManifest.xml:36:13-84
227            android:enabled="true"
227-->[com.google.android.gms:play-services-measurement:18.0.0] AndroidManifest.xml:37:13-35
228            android:exported="false" />
228-->[com.google.android.gms:play-services-measurement:18.0.0] AndroidManifest.xml:38:13-37
229        <service
229-->[com.google.android.gms:play-services-measurement:18.0.0] AndroidManifest.xml:39:9-43:72
230            android:name="com.google.android.gms.measurement.AppMeasurementJobService"
230-->[com.google.android.gms:play-services-measurement:18.0.0] AndroidManifest.xml:40:13-87
231            android:enabled="true"
231-->[com.google.android.gms:play-services-measurement:18.0.0] AndroidManifest.xml:41:13-35
232            android:exported="false"
232-->[com.google.android.gms:play-services-measurement:18.0.0] AndroidManifest.xml:42:13-37
233            android:permission="android.permission.BIND_JOB_SERVICE" />
233-->[com.google.android.gms:play-services-measurement:18.0.0] AndroidManifest.xml:43:13-69
234
235        <activity
235-->[com.google.android.gms:play-services-base:17.1.0] AndroidManifest.xml:23:9-26:75
236            android:name="com.google.android.gms.common.api.GoogleApiActivity"
236-->[com.google.android.gms:play-services-base:17.1.0] AndroidManifest.xml:24:13-79
237            android:exported="false"
237-->[com.google.android.gms:play-services-base:17.1.0] AndroidManifest.xml:25:13-37
238            android:theme="@android:style/Theme.Translucent.NoTitleBar" />
238-->[com.google.android.gms:play-services-base:17.1.0] AndroidManifest.xml:26:13-72
239
240        <provider
240-->[com.google.firebase:firebase-common:19.5.0] AndroidManifest.xml:26:9-31:39
241            android:name="com.google.firebase.provider.FirebaseInitProvider"
241-->[com.google.firebase:firebase-common:19.5.0] AndroidManifest.xml:27:13-77
242            android:authorities="balelabs.flutter.core.firebaseinitprovider"
242-->[com.google.firebase:firebase-common:19.5.0] AndroidManifest.xml:28:13-72
243            android:directBootAware="true"
243-->[com.google.firebase:firebase-common:19.5.0] AndroidManifest.xml:29:13-43
244            android:exported="false"
244-->[com.google.firebase:firebase-common:19.5.0] AndroidManifest.xml:30:13-37
245            android:initOrder="100" />
245-->[com.google.firebase:firebase-common:19.5.0] AndroidManifest.xml:31:13-36
246
247        <meta-data
247-->[com.google.android.gms:play-services-basement:17.1.0] AndroidManifest.xml:23:9-25:69
248            android:name="com.google.android.gms.version"
248-->[com.google.android.gms:play-services-basement:17.1.0] AndroidManifest.xml:24:13-58
249            android:value="@integer/google_play_services_version" />
249-->[com.google.android.gms:play-services-basement:17.1.0] AndroidManifest.xml:25:13-66
250
251        <service
251-->[com.google.android.datatransport:transport-backend-cct:2.3.3] AndroidManifest.xml:29:9-35:19
252            android:name="com.google.android.datatransport.runtime.backends.TransportBackendDiscovery"
252-->[com.google.android.datatransport:transport-backend-cct:2.3.3] AndroidManifest.xml:30:13-103
253            android:exported="false" >
253-->[com.google.android.datatransport:transport-backend-cct:2.3.3] AndroidManifest.xml:31:13-37
254            <meta-data
254-->[com.google.android.datatransport:transport-backend-cct:2.3.3] AndroidManifest.xml:32:13-34:39
255                android:name="backend:com.google.android.datatransport.cct.CctBackendFactory"
255-->[com.google.android.datatransport:transport-backend-cct:2.3.3] AndroidManifest.xml:33:17-94
256                android:value="cct" />
256-->[com.google.android.datatransport:transport-backend-cct:2.3.3] AndroidManifest.xml:34:17-36
257        </service>
258        <service
258-->[com.google.android.datatransport:transport-runtime:2.2.5] AndroidManifest.xml:26:9-30:19
259            android:name="com.google.android.datatransport.runtime.scheduling.jobscheduling.JobInfoSchedulerService"
259-->[com.google.android.datatransport:transport-runtime:2.2.5] AndroidManifest.xml:27:13-117
260            android:exported="false"
260-->[com.google.android.datatransport:transport-runtime:2.2.5] AndroidManifest.xml:28:13-37
261            android:permission="android.permission.BIND_JOB_SERVICE" >
261-->[com.google.android.datatransport:transport-runtime:2.2.5] AndroidManifest.xml:29:13-69
262        </service>
263
264        <receiver
264-->[com.google.android.datatransport:transport-runtime:2.2.5] AndroidManifest.xml:32:9-34:40
265            android:name="com.google.android.datatransport.runtime.scheduling.jobscheduling.AlarmManagerSchedulerBroadcastReceiver"
265-->[com.google.android.datatransport:transport-runtime:2.2.5] AndroidManifest.xml:33:13-132
266            android:exported="false" />
266-->[com.google.android.datatransport:transport-runtime:2.2.5] AndroidManifest.xml:34:13-37
267    </application>
268
269</manifest>